<?xml version="1.0" encoding="UTF-8"?>
<!-- Generated by org.testng.reporters.JUnitReportReporter -->
<testsuite hostname="DESKTOP-2AOU9HH" failures="0" tests="1" name="Test.We" time="0.012" errors="0" timestamp="2022-09-17T15:50:41 IST" skipped="0">
  <testcase classname="Test.We" name="ii" time="0.012"/>
  <system-out/>
</testsuite> <!-- Test.We -->
